{
  "stats": {
    "suites": 5,
    "tests": 6,
    "passes": 6,
    "pending": 0,
    "failures": 0,
    "start": "2020-04-18T18:25:30.187Z",
    "end": "2020-04-18T18:25:32.334Z",
    "duration": 2147,
    "testsRegistered": 6,
    "passPercent": 100,
    "pendingPercent": 0,
    "other": 0,
    "hasOther": false,
    "skipped": 0,
    "hasSkipped": false
  },
  "results": [
    {
      "uuid": "0bc41459-35a4-4093-abc2-ee4df55b45fa",
      "title": "",
      "fullFile": "cypress/integration/services/CreateBooking.spec.js",
      "file": "cypress/integration/services/CreateBooking.spec.js",
      "beforeHooks": [],
      "afterHooks": [],
      "tests": [],
      "suites": [
        {
          "uuid": "75a91721-3b78-4fc4-98ac-0720afd59d69",
          "title": "Criar uma nova reserva",
          "fullFile": "",
          "file": "",
          "beforeHooks": [],
          "afterHooks": [],
          "tests": [
            {
              "title": "Validar se o livro foi criado",
              "fullTitle": "Criar uma nova reserva Validar se o livro foi criado",
              "timedOut": null,
              "duration": 857,
              "state": "passed",
              "speed": "slow",
              "pass": true,
              "fail": false,
              "pending": false,
              "context": null,
              "code": "cy.get('@createBooking').should(function (response) {\n    expect(response.status).to.eq(200);\n    expect(response.body.bookingid).to.be.not.null;\n});",
              "err": {},
              "uuid": "3b908b20-ec95-44ed-80ae-d54c1e6da6be",
              "parentUUID": "75a91721-3b78-4fc4-98ac-0720afd59d69",
              "isHook": false,
              "skipped": false
            }
          ],
          "suites": [],
          "passes": [
            "3b908b20-ec95-44ed-80ae-d54c1e6da6be"
          ],
          "failures": [],
          "pending": [],
          "skipped": [],
          "duration": 857,
          "root": false,
          "rootEmpty": false,
          "_timeout": 2000
        },
        {
          "uuid": "32f2c954-0bc9-43bc-8752-8466d76da060",
          "title": "Validar retorno 500 quando o payload da reserva estiver inválido",
          "fullFile": "",
          "file": "",
          "beforeHooks": [],
          "afterHooks": [],
          "tests": [
            {
              "title": "Validar status code - 500 ",
              "fullTitle": "Validar retorno 500 quando o payload da reserva estiver inválido Validar status code - 500 ",
              "timedOut": null,
              "duration": 186,
              "state": "passed",
              "speed": "slow",
              "pass": true,
              "fail": false,
              "pending": false,
              "context": null,
              "code": "cy.get('@createBookingInvalidPayload').should(function (response) {\n    expect(response.status).to.eq(500);\n});",
              "err": {},
              "uuid": "19c1fbe9-50ba-420a-a77b-f876acebec56",
              "parentUUID": "32f2c954-0bc9-43bc-8752-8466d76da060",
              "isHook": false,
              "skipped": false
            }
          ],
          "suites": [],
          "passes": [
            "19c1fbe9-50ba-420a-a77b-f876acebec56"
          ],
          "failures": [],
          "pending": [],
          "skipped": [],
          "duration": 186,
          "root": false,
          "rootEmpty": false,
          "_timeout": 2000
        },
        {
          "uuid": "78c7b094-a297-46bf-bc9f-9336c31f7955",
          "title": "Validar a criacao de mais de um livro em sequencia",
          "fullFile": "",
          "file": "",
          "beforeHooks": [],
          "afterHooks": [],
          "tests": [
            {
              "title": "Validar se o primeiro livro foi criado",
              "fullTitle": "Validar a criacao de mais de um livro em sequencia Validar se o primeiro livro foi criado",
              "timedOut": null,
              "duration": 356,
              "state": "passed",
              "speed": "slow",
              "pass": true,
              "fail": false,
              "pending": false,
              "context": null,
              "code": "cy.get('@createBookingOne').should(function (response) {\n    expect(response.status).to.eq(200);\n    expect(response.body.bookingid).to.be.not.null;\n});",
              "err": {},
              "uuid": "19e29097-8cb6-413b-b973-eca0d55187de",
              "parentUUID": "78c7b094-a297-46bf-bc9f-9336c31f7955",
              "isHook": false,
              "skipped": false
            },
            {
              "title": "Validar se o segundo livro foi criado",
              "fullTitle": "Validar a criacao de mais de um livro em sequencia Validar se o segundo livro foi criado",
              "timedOut": null,
              "duration": 354,
              "state": "passed",
              "speed": "slow",
              "pass": true,
              "fail": false,
              "pending": false,
              "context": null,
              "code": "cy.get('@createBookingTwo').should(function (response) {\n    expect(response.status).to.eq(200);\n    expect(response.body.bookingid).to.be.not.null;\n});",
              "err": {},
              "uuid": "c719fc4c-abc1-421b-bbba-0fd7d001426c",
              "parentUUID": "78c7b094-a297-46bf-bc9f-9336c31f7955",
              "isHook": false,
              "skipped": false
            }
          ],
          "suites": [],
          "passes": [
            "19e29097-8cb6-413b-b973-eca0d55187de",
            "c719fc4c-abc1-421b-bbba-0fd7d001426c"
          ],
          "failures": [],
          "pending": [],
          "skipped": [],
          "duration": 710,
          "root": false,
          "rootEmpty": false,
          "_timeout": 2000
        },
        {
          "uuid": "8e6ece02-59c8-4dec-9175-65dd19885320",
          "title": "Criar uma reserva enviando mais parametros no payload da reserva",
          "fullFile": "",
          "file": "",
          "beforeHooks": [],
          "afterHooks": [],
          "tests": [
            {
              "title": "Validar status code - 200",
              "fullTitle": "Criar uma reserva enviando mais parametros no payload da reserva Validar status code - 200",
              "timedOut": null,
              "duration": 175,
              "state": "passed",
              "speed": "slow",
              "pass": true,
              "fail": false,
              "pending": false,
              "context": null,
              "code": "cy.get('@createBookingMoreFieldsPayload').should(function (response) {\n    expect(response.status).to.eq(200);\n});",
              "err": {},
              "uuid": "5537f13f-d1ea-494a-a27f-388b4b28f626",
              "parentUUID": "8e6ece02-59c8-4dec-9175-65dd19885320",
              "isHook": false,
              "skipped": false
            }
          ],
          "suites": [],
          "passes": [
            "5537f13f-d1ea-494a-a27f-388b4b28f626"
          ],
          "failures": [],
          "pending": [],
          "skipped": [],
          "duration": 175,
          "root": false,
          "rootEmpty": false,
          "_timeout": 2000
        },
        {
          "uuid": "0e5fe551-10f4-4462-b678-3d9837a4379f",
          "title": "Validar retorno 418 quando o header Accept for invalido",
          "fullFile": "",
          "file": "",
          "beforeHooks": [],
          "afterHooks": [],
          "tests": [
            {
              "title": "Validar status code - 418",
              "fullTitle": "Validar retorno 418 quando o header Accept for invalido Validar status code - 418",
              "timedOut": null,
              "duration": 191,
              "state": "passed",
              "speed": "slow",
              "pass": true,
              "fail": false,
              "pending": false,
              "context": null,
              "code": "cy.get('@createBookingMoreFieldsPayload').should(function (response) {\n    expect(response.status).to.eq(418);\n});",
              "err": {},
              "uuid": "80ba993f-06cd-44ea-bf5c-c3495b21e0e6",
              "parentUUID": "0e5fe551-10f4-4462-b678-3d9837a4379f",
              "isHook": false,
              "skipped": false
            }
          ],
          "suites": [],
          "passes": [
            "80ba993f-06cd-44ea-bf5c-c3495b21e0e6"
          ],
          "failures": [],
          "pending": [],
          "skipped": [],
          "duration": 191,
          "root": false,
          "rootEmpty": false,
          "_timeout": 2000
        }
      ],
      "passes": [],
      "failures": [],
      "pending": [],
      "skipped": [],
      "duration": 0,
      "root": true,
      "rootEmpty": true,
      "_timeout": 2000
    }
  ],
  "meta": {
    "mocha": {
      "version": "7.1.1"
    },
    "mochawesome": {
      "options": {
        "quiet": false,
        "reportFilename": "mochawesome",
        "saveHtml": false,
        "saveJson": true,
        "consoleReporter": "spec",
        "useInlineDiffs": false,
        "code": true
      },
      "version": "6.0.0"
    },
    "marge": {
      "options": {
        "reportDir": "mochawesome-report/json",
        "overwrite": false,
        "html": false,
        "json": true
      },
      "version": "5.0.0"
    }
  }
}