{
  "stats": {
    "suites": 2,
    "tests": 0,
    "passes": 0,
    "pending": 0,
    "failures": 0,
    "start": "2020-04-14T10:40:05.988Z",
    "end": "2020-04-14T10:40:07.043Z",
    "duration": 1055,
    "testsRegistered": 7,
    "passPercent": 0,
    "pendingPercent": 0,
    "other": 2,
    "hasOther": true,
    "skipped": 7,
    "hasSkipped": true
  },
  "results": [
    {
      "uuid": "c28aea3e-0b8e-431e-ba33-e55de2968334",
      "title": "",
      "fullFile": "cypress/integration/services/tests/Pokemon.spec.js",
      "file": "cypress/integration/services/tests/Pokemon.spec.js",
      "beforeHooks": [],
      "afterHooks": [],
      "tests": [],
      "suites": [
        {
          "uuid": "54b1610d-38e9-431b-9588-be9882619a17",
          "title": "All Pokemon Tests",
          "fullFile": "",
          "file": "",
          "beforeHooks": [],
          "afterHooks": [],
          "tests": [
            {
              "title": "Validate status code - 200",
              "fullTitle": "All Pokemon Tests Validate status code - 200",
              "timedOut": null,
              "duration": 528,
              "state": "failed",
              "speed": null,
              "pass": false,
              "fail": true,
              "pending": false,
              "context": null,
              "code": "cy.get('@pokemon').should(function (response) {\n  expect(response.status).to.eq(200);\n});",
              "err": {
                "message": "CypressError: `cy.request()` failed on:\n\nhttps://treinamento-api.herokuapp.com/pokemon\n\nThe response we received from your web server was:\n\n  > 404: Not Found\n\nThis was considered a failure because the status code was not `2xx` or `3xx`.\n\nIf you do not want status codes to cause failures pass the option: `failOnStatusCode: false`\n\n-----------------------------------------------------------\n\nThe request we sent was:\n\nMethod: GET\nURL: https://treinamento-api.herokuapp.com/pokemon\nHeaders: {\n  \"Connection\": \"keep-alive\",\n  \"user-agent\": \"Mozilla/5.0 (Macintosh; Intel Mac OS X 10_15_3) AppleWebKit/537.36 (KHTML, like Gecko) Cypress/4.3.0 Chrome/80.0.3987.158 Electron/8.2.0 Safari/537.36\",\n  \"accept\": \"*/*\",\n  \"accept-encoding\": \"gzip, deflate\"\n}\n\n-----------------------------------------------------------\n\nThe response we got was:\n\nStatus: 404 - Not Found\nHeaders: {\n  \"server\": \"Cowboy\",\n  \"connection\": \"keep-alive\",\n  \"x-powered-by\": \"Express\",\n  \"content-type\": \"text/plain; charset=utf-8\",\n  \"content-length\": \"9\",\n  \"etag\": \"W/\\\"9-0gXL1ngzMqISxa6S1zx3F4wtLyg\\\"\",\n  \"date\": \"Tue, 14 Apr 2020 10:40:06 GMT\",\n  \"via\": \"1.1 vegur\"\n}\nBody: Not Found\n\n\nhttps://on.cypress.io/request\n\nBecause this error occurred during a `before each` hook we are skipping the remaining tests in the current suite: `All Pokemon Tests`",
                "estack": "CypressError: `cy.request()` failed on:\n\nhttps://treinamento-api.herokuapp.com/pokemon\n\nThe response we received from your web server was:\n\n  > 404: Not Found\n\nThis was considered a failure because the status code was not `2xx` or `3xx`.\n\nIf you do not want status codes to cause failures pass the option: `failOnStatusCode: false`\n\n-----------------------------------------------------------\n\nThe request we sent was:\n\nMethod: GET\nURL: https://treinamento-api.herokuapp.com/pokemon\nHeaders: {\n  \"Connection\": \"keep-alive\",\n  \"user-agent\": \"Mozilla/5.0 (Macintosh; Intel Mac OS X 10_15_3) AppleWebKit/537.36 (KHTML, like Gecko) Cypress/4.3.0 Chrome/80.0.3987.158 Electron/8.2.0 Safari/537.36\",\n  \"accept\": \"*/*\",\n  \"accept-encoding\": \"gzip, deflate\"\n}\n\n-----------------------------------------------------------\n\nThe response we got was:\n\nStatus: 404 - Not Found\nHeaders: {\n  \"server\": \"Cowboy\",\n  \"connection\": \"keep-alive\",\n  \"x-powered-by\": \"Express\",\n  \"content-type\": \"text/plain; charset=utf-8\",\n  \"content-length\": \"9\",\n  \"etag\": \"W/\\\"9-0gXL1ngzMqISxa6S1zx3F4wtLyg\\\"\",\n  \"date\": \"Tue, 14 Apr 2020 10:40:06 GMT\",\n  \"via\": \"1.1 vegur\"\n}\nBody: Not Found\n\n\nhttps://on.cypress.io/request\n\nBecause this error occurred during a `before each` hook we are skipping the remaining tests in the current suite: `All Pokemon Tests`\n    at cypressErr (https://treinamento-api.herokuapp.com/__cypress/runner/cypress_runner.js:146180:16)\n    at cypressErrByPath (https://treinamento-api.herokuapp.com/__cypress/runner/cypress_runner.js:146189:10)\n    at Object.throwErrByPath (https://treinamento-api.herokuapp.com/__cypress/runner/cypress_runner.js:146152:11)\n    at https://treinamento-api.herokuapp.com/__cypress/runner/cypress_runner.js:135393:21\n    at tryCatcher (https://treinamento-api.herokuapp.com/__cypress/runner/cypress_runner.js:9059:23)\n    at Promise._settlePromiseFromHandler (https://treinamento-api.herokuapp.com/__cypress/runner/cypress_runner.js:6994:31)\n    at Promise._settlePromise (https://treinamento-api.herokuapp.com/__cypress/runner/cypress_runner.js:7051:18)\n    at Promise._settlePromise0 (https://treinamento-api.herokuapp.com/__cypress/runner/cypress_runner.js:7096:10)\n    at Promise._settlePromises (https://treinamento-api.herokuapp.com/__cypress/runner/cypress_runner.js:7176:18)\n    at _drainQueueStep (https://treinamento-api.herokuapp.com/__cypress/runner/cypress_runner.js:3766:12)\n    at _drainQueue (https://treinamento-api.herokuapp.com/__cypress/runner/cypress_runner.js:3759:9)\n    at Async.../../node_modules/bluebird/js/release/async.js.Async._drainQueues (https://treinamento-api.herokuapp.com/__cypress/runner/cypress_runner.js:3775:5)\n    at Async.drainQueues (https://treinamento-api.herokuapp.com/__cypress/runner/cypress_runner.js:3645:14)",
                "diff": null
              },
              "uuid": "3212300f-bccf-4e15-93a2-18d78ac5e702",
              "parentUUID": "54b1610d-38e9-431b-9588-be9882619a17",
              "isHook": false,
              "skipped": false
            },
            {
              "title": "Validate content-type",
              "fullTitle": "All Pokemon Tests Validate content-type",
              "timedOut": null,
              "duration": 0,
              "state": "skipped",
              "speed": null,
              "pass": false,
              "fail": false,
              "pending": false,
              "context": null,
              "code": "cy.get('@pokemon').should(function (response) {\n  expect(response.headers[\"content-type\"]).to.eq(\"application/json; charset=utf-8\");\n});",
              "err": {},
              "uuid": "3913e113-024d-4906-abbe-6acd62bb904b",
              "parentUUID": "54b1610d-38e9-431b-9588-be9882619a17",
              "isHook": false,
              "skipped": true
            },
            {
              "title": "Validate response time - 2000ms",
              "fullTitle": "All Pokemon Tests Validate response time - 2000ms",
              "timedOut": null,
              "duration": 0,
              "state": "skipped",
              "speed": null,
              "pass": false,
              "fail": false,
              "pending": false,
              "context": null,
              "code": "cy.get('@pokemon').should(function (response) {\n  expect(response.duration).to.lessThan(2000);\n});",
              "err": {},
              "uuid": "6c3ea2f6-2cc1-45f8-bd12-d1e9b398f6f2",
              "parentUUID": "54b1610d-38e9-431b-9588-be9882619a17",
              "isHook": false,
              "skipped": true
            },
            {
              "title": "Validate body results have content",
              "fullTitle": "All Pokemon Tests Validate body results have content",
              "timedOut": null,
              "duration": 0,
              "state": "skipped",
              "speed": null,
              "pass": false,
              "fail": false,
              "pending": false,
              "context": null,
              "code": "cy.get('@pokemon').should(function (response) {\n  expect(response.body.results.length).to.be.greaterThan(0);\n});",
              "err": {},
              "uuid": "cfe0f992-3a23-49cf-9631-6ae4b01d5d30",
              "parentUUID": "54b1610d-38e9-431b-9588-be9882619a17",
              "isHook": false,
              "skipped": true
            }
          ],
          "suites": [],
          "passes": [],
          "failures": [
            "3212300f-bccf-4e15-93a2-18d78ac5e702"
          ],
          "pending": [],
          "skipped": [
            "3913e113-024d-4906-abbe-6acd62bb904b",
            "6c3ea2f6-2cc1-45f8-bd12-d1e9b398f6f2",
            "cfe0f992-3a23-49cf-9631-6ae4b01d5d30"
          ],
          "duration": 528,
          "root": false,
          "rootEmpty": false,
          "_timeout": 2000
        },
        {
          "uuid": "54c075ca-7906-45e9-96c7-47e2f8ffbd05",
          "title": "Pikachu Tests",
          "fullFile": "",
          "file": "",
          "beforeHooks": [],
          "afterHooks": [],
          "tests": [
            {
              "title": "Validate status code - 200",
              "fullTitle": "Pikachu Tests Validate status code - 200",
              "timedOut": null,
              "duration": 498,
              "state": "failed",
              "speed": null,
              "pass": false,
              "fail": true,
              "pending": false,
              "context": null,
              "code": "cy.get('@pikachu').should(function (response) {\n  expect(response.status).to.eq(200);\n});",
              "err": {
                "message": "CypressError: `cy.request()` failed on:\n\nhttps://treinamento-api.herokuapp.com/pokemon/pikachu\n\nThe response we received from your web server was:\n\n  > 404: Not Found\n\nThis was considered a failure because the status code was not `2xx` or `3xx`.\n\nIf you do not want status codes to cause failures pass the option: `failOnStatusCode: false`\n\n-----------------------------------------------------------\n\nThe request we sent was:\n\nMethod: GET\nURL: https://treinamento-api.herokuapp.com/pokemon/pikachu\nHeaders: {\n  \"Connection\": \"keep-alive\",\n  \"user-agent\": \"Mozilla/5.0 (Macintosh; Intel Mac OS X 10_15_3) AppleWebKit/537.36 (KHTML, like Gecko) Cypress/4.3.0 Chrome/80.0.3987.158 Electron/8.2.0 Safari/537.36\",\n  \"accept\": \"*/*\",\n  \"accept-encoding\": \"gzip, deflate\"\n}\n\n-----------------------------------------------------------\n\nThe response we got was:\n\nStatus: 404 - Not Found\nHeaders: {\n  \"server\": \"Cowboy\",\n  \"connection\": \"keep-alive\",\n  \"x-powered-by\": \"Express\",\n  \"content-type\": \"text/plain; charset=utf-8\",\n  \"content-length\": \"9\",\n  \"etag\": \"W/\\\"9-0gXL1ngzMqISxa6S1zx3F4wtLyg\\\"\",\n  \"date\": \"Tue, 14 Apr 2020 10:40:06 GMT\",\n  \"via\": \"1.1 vegur\"\n}\nBody: Not Found\n\n\nhttps://on.cypress.io/request\n\nBecause this error occurred during a `before each` hook we are skipping the remaining tests in the current suite: `Pikachu Tests`",
                "estack": "CypressError: `cy.request()` failed on:\n\nhttps://treinamento-api.herokuapp.com/pokemon/pikachu\n\nThe response we received from your web server was:\n\n  > 404: Not Found\n\nThis was considered a failure because the status code was not `2xx` or `3xx`.\n\nIf you do not want status codes to cause failures pass the option: `failOnStatusCode: false`\n\n-----------------------------------------------------------\n\nThe request we sent was:\n\nMethod: GET\nURL: https://treinamento-api.herokuapp.com/pokemon/pikachu\nHeaders: {\n  \"Connection\": \"keep-alive\",\n  \"user-agent\": \"Mozilla/5.0 (Macintosh; Intel Mac OS X 10_15_3) AppleWebKit/537.36 (KHTML, like Gecko) Cypress/4.3.0 Chrome/80.0.3987.158 Electron/8.2.0 Safari/537.36\",\n  \"accept\": \"*/*\",\n  \"accept-encoding\": \"gzip, deflate\"\n}\n\n-----------------------------------------------------------\n\nThe response we got was:\n\nStatus: 404 - Not Found\nHeaders: {\n  \"server\": \"Cowboy\",\n  \"connection\": \"keep-alive\",\n  \"x-powered-by\": \"Express\",\n  \"content-type\": \"text/plain; charset=utf-8\",\n  \"content-length\": \"9\",\n  \"etag\": \"W/\\\"9-0gXL1ngzMqISxa6S1zx3F4wtLyg\\\"\",\n  \"date\": \"Tue, 14 Apr 2020 10:40:06 GMT\",\n  \"via\": \"1.1 vegur\"\n}\nBody: Not Found\n\n\nhttps://on.cypress.io/request\n\nBecause this error occurred during a `before each` hook we are skipping the remaining tests in the current suite: `Pikachu Tests`\n    at cypressErr (https://treinamento-api.herokuapp.com/__cypress/runner/cypress_runner.js:146180:16)\n    at cypressErrByPath (https://treinamento-api.herokuapp.com/__cypress/runner/cypress_runner.js:146189:10)\n    at Object.throwErrByPath (https://treinamento-api.herokuapp.com/__cypress/runner/cypress_runner.js:146152:11)\n    at https://treinamento-api.herokuapp.com/__cypress/runner/cypress_runner.js:135393:21\n    at tryCatcher (https://treinamento-api.herokuapp.com/__cypress/runner/cypress_runner.js:9059:23)\n    at Promise._settlePromiseFromHandler (https://treinamento-api.herokuapp.com/__cypress/runner/cypress_runner.js:6994:31)\n    at Promise._settlePromise (https://treinamento-api.herokuapp.com/__cypress/runner/cypress_runner.js:7051:18)\n    at Promise._settlePromise0 (https://treinamento-api.herokuapp.com/__cypress/runner/cypress_runner.js:7096:10)\n    at Promise._settlePromises (https://treinamento-api.herokuapp.com/__cypress/runner/cypress_runner.js:7176:18)\n    at _drainQueueStep (https://treinamento-api.herokuapp.com/__cypress/runner/cypress_runner.js:3766:12)\n    at _drainQueue (https://treinamento-api.herokuapp.com/__cypress/runner/cypress_runner.js:3759:9)\n    at Async.../../node_modules/bluebird/js/release/async.js.Async._drainQueues (https://treinamento-api.herokuapp.com/__cypress/runner/cypress_runner.js:3775:5)\n    at Async.drainQueues (https://treinamento-api.herokuapp.com/__cypress/runner/cypress_runner.js:3645:14)",
                "diff": null
              },
              "uuid": "eac6caa9-396f-4a78-8b70-5a9f89602203",
              "parentUUID": "54c075ca-7906-45e9-96c7-47e2f8ffbd05",
              "isHook": false,
              "skipped": false
            },
            {
              "title": "Validate content-type",
              "fullTitle": "Pikachu Tests Validate content-type",
              "timedOut": null,
              "duration": 0,
              "state": "skipped",
              "speed": null,
              "pass": false,
              "fail": false,
              "pending": false,
              "context": null,
              "code": "cy.get('@pikachu').should(function (response) {\n  expect(response.headers[\"content-type\"]).to.eq(\"application/json; charset=utf-8\");\n});",
              "err": {},
              "uuid": "e3532834-dcfa-4b2c-9177-e30dce314e41",
              "parentUUID": "54c075ca-7906-45e9-96c7-47e2f8ffbd05",
              "isHook": false,
              "skipped": true
            },
            {
              "title": "Validate response time - 2000ms",
              "fullTitle": "Pikachu Tests Validate response time - 2000ms",
              "timedOut": null,
              "duration": 0,
              "state": "skipped",
              "speed": null,
              "pass": false,
              "fail": false,
              "pending": false,
              "context": null,
              "code": "cy.get('@pikachu').should(function (response) {\n  expect(response.duration).to.lessThan(2000);\n});",
              "err": {},
              "uuid": "c032a75d-315a-4047-bc1d-f6e8c298d858",
              "parentUUID": "54c075ca-7906-45e9-96c7-47e2f8ffbd05",
              "isHook": false,
              "skipped": true
            }
          ],
          "suites": [],
          "passes": [],
          "failures": [
            "eac6caa9-396f-4a78-8b70-5a9f89602203"
          ],
          "pending": [],
          "skipped": [
            "e3532834-dcfa-4b2c-9177-e30dce314e41",
            "c032a75d-315a-4047-bc1d-f6e8c298d858"
          ],
          "duration": 498,
          "root": false,
          "rootEmpty": false,
          "_timeout": 2000
        }
      ],
      "passes": [],
      "failures": [],
      "pending": [],
      "skipped": [],
      "duration": 0,
      "root": true,
      "rootEmpty": true,
      "_timeout": 2000
    }
  ],
  "meta": {
    "mocha": {
      "version": "7.1.1"
    },
    "mochawesome": {
      "options": {
        "quiet": false,
        "reportFilename": "mochawesome",
        "saveHtml": false,
        "saveJson": true,
        "consoleReporter": "spec",
        "useInlineDiffs": false,
        "code": true
      },
      "version": "6.0.0"
    },
    "marge": {
      "options": {
        "reportDir": "mochawesome-report/json",
        "overwrite": true,
        "html": false,
        "json": true
      },
      "version": "5.0.0"
    }
  }
}