{
  "stats": {
    "suites": 1,
    "tests": 5,
    "passes": 5,
    "pending": 0,
    "failures": 0,
    "start": "2020-04-20T17:55:47.781Z",
    "end": "2020-04-20T17:55:49.551Z",
    "duration": 1770,
    "testsRegistered": 5,
    "passPercent": 100,
    "pendingPercent": 0,
    "other": 0,
    "hasOther": false,
    "skipped": 0,
    "hasSkipped": false
  },
  "results": [
    {
      "uuid": "d07ad79c-2aba-4c3a-9f6a-952d2cac0c5e",
      "title": "",
      "fullFile": "cypress/integration/services/CreateBooking.spec.js",
      "file": "cypress/integration/services/CreateBooking.spec.js",
      "beforeHooks": [],
      "afterHooks": [],
      "tests": [],
      "suites": [
        {
          "uuid": "78134c61-9b06-4c4f-ac25-b4e2a7ddb929",
          "title": "CreateBooking",
          "fullFile": "",
          "file": "",
          "beforeHooks": [],
          "afterHooks": [],
          "tests": [
            {
              "title": "Criar uma nova reserva - @acceptance",
              "fullTitle": "CreateBooking Criar uma nova reserva - @acceptance",
              "timedOut": null,
              "duration": 858,
              "state": "passed",
              "speed": "slow",
              "pass": true,
              "fail": false,
              "pending": false,
              "context": null,
              "code": "cy.createBooking().should(function (response) {\n  expect(response.status).to.eq(200);\n  expect(response.body.bookingid).to.be.not[\"null\"];\n});",
              "err": {},
              "uuid": "2f5ac864-8092-4664-a403-855bb1889054",
              "parentUUID": "78134c61-9b06-4c4f-ac25-b4e2a7ddb929",
              "isHook": false,
              "skipped": false
            },
            {
              "title": "Validar retorno 500 quando o payload da reserva estiver inválido - @e2e",
              "fullTitle": "CreateBooking Validar retorno 500 quando o payload da reserva estiver inválido - @e2e",
              "timedOut": null,
              "duration": 177,
              "state": "passed",
              "speed": "slow",
              "pass": true,
              "fail": false,
              "pending": false,
              "context": null,
              "code": "cy.createBookingInvalidPayload().should(function (response) {\n  expect(response.status).to.eq(500);\n});",
              "err": {},
              "uuid": "5cc08be2-3f16-4db9-9c08-2132aee936b4",
              "parentUUID": "78134c61-9b06-4c4f-ac25-b4e2a7ddb929",
              "isHook": false,
              "skipped": false
            },
            {
              "title": "Validar a criacao de mais de um livro em sequencia - @e2e",
              "fullTitle": "CreateBooking Validar a criacao de mais de um livro em sequencia - @e2e",
              "timedOut": null,
              "duration": 356,
              "state": "passed",
              "speed": "slow",
              "pass": true,
              "fail": false,
              "pending": false,
              "context": null,
              "code": "cy.createBooking().should(function (response) {\n  expect(response.status).to.eq(200);\n  expect(response.body.bookingid).to.be.not[\"null\"];\n});\ncy.createBooking().should(function (response) {\n  expect(response.status).to.eq(200);\n  expect(response.body.bookingid).to.be.not[\"null\"];\n});",
              "err": {},
              "uuid": "9d5c85d4-5845-4109-af00-eebdfbf11649",
              "parentUUID": "78134c61-9b06-4c4f-ac25-b4e2a7ddb929",
              "isHook": false,
              "skipped": false
            },
            {
              "title": "Criar uma reserva enviando mais parametros no payload da reserva - @e2e",
              "fullTitle": "CreateBooking Criar uma reserva enviando mais parametros no payload da reserva - @e2e",
              "timedOut": null,
              "duration": 178,
              "state": "passed",
              "speed": "slow",
              "pass": true,
              "fail": false,
              "pending": false,
              "context": null,
              "code": "cy.createBookingExtraFieldPayload().should(function (response) {\n  expect(response.status).to.eq(200);\n});",
              "err": {},
              "uuid": "b6a8e49a-aba3-4829-8ac4-65ebf511a210",
              "parentUUID": "78134c61-9b06-4c4f-ac25-b4e2a7ddb929",
              "isHook": false,
              "skipped": false
            },
            {
              "title": "Validar retorno 418 quando o header Accept for invalido - @e2e",
              "fullTitle": "CreateBooking Validar retorno 418 quando o header Accept for invalido - @e2e",
              "timedOut": null,
              "duration": 174,
              "state": "passed",
              "speed": "slow",
              "pass": true,
              "fail": false,
              "pending": false,
              "context": null,
              "code": "cy.createBookingWithWrongHeader().should(function (response) {\n  expect(response.status).to.eq(418);\n});",
              "err": {},
              "uuid": "a66929d0-fd50-4c3a-ac86-f0a6c73b381f",
              "parentUUID": "78134c61-9b06-4c4f-ac25-b4e2a7ddb929",
              "isHook": false,
              "skipped": false
            }
          ],
          "suites": [],
          "passes": [
            "2f5ac864-8092-4664-a403-855bb1889054",
            "5cc08be2-3f16-4db9-9c08-2132aee936b4",
            "9d5c85d4-5845-4109-af00-eebdfbf11649",
            "b6a8e49a-aba3-4829-8ac4-65ebf511a210",
            "a66929d0-fd50-4c3a-ac86-f0a6c73b381f"
          ],
          "failures": [],
          "pending": [],
          "skipped": [],
          "duration": 1743,
          "root": false,
          "rootEmpty": false,
          "_timeout": 2000
        }
      ],
      "passes": [],
      "failures": [],
      "pending": [],
      "skipped": [],
      "duration": 0,
      "root": true,
      "rootEmpty": true,
      "_timeout": 2000
    }
  ],
  "meta": {
    "mocha": {
      "version": "7.1.1"
    },
    "mochawesome": {
      "options": {
        "quiet": false,
        "reportFilename": "mochawesome",
        "saveHtml": false,
        "saveJson": true,
        "consoleReporter": "spec",
        "useInlineDiffs": false,
        "code": true
      },
      "version": "6.0.0"
    },
    "marge": {
      "options": {
        "reportDir": "mochawesome-report/json",
        "overwrite": false,
        "html": false,
        "json": true
      },
      "version": "5.0.0"
    }
  }
}