{
  "stats": {
    "suites": 5,
    "tests": 6,
    "passes": 6,
    "pending": 0,
    "failures": 0,
    "start": "2020-04-19T17:23:38.749Z",
    "end": "2020-04-19T17:23:40.855Z",
    "duration": 2106,
    "testsRegistered": 6,
    "passPercent": 100,
    "pendingPercent": 0,
    "other": 0,
    "hasOther": false,
    "skipped": 0,
    "hasSkipped": false
  },
  "results": [
    {
      "uuid": "b172f8df-b2c8-4ae4-9880-e975f7f6a1fa",
      "title": "",
      "fullFile": "cypress/integration/services/CreateBooking.spec.js",
      "file": "cypress/integration/services/CreateBooking.spec.js",
      "beforeHooks": [],
      "afterHooks": [],
      "tests": [],
      "suites": [
        {
          "uuid": "6c444ebc-a850-4cb7-ac43-55abdf638c79",
          "title": "Criar uma nova reserva - @acceptance",
          "fullFile": "",
          "file": "",
          "beforeHooks": [],
          "afterHooks": [],
          "tests": [
            {
              "title": "Validar se o livro foi criado",
              "fullTitle": "Criar uma nova reserva - @acceptance Validar se o livro foi criado",
              "timedOut": null,
              "duration": 858,
              "state": "passed",
              "speed": "slow",
              "pass": true,
              "fail": false,
              "pending": false,
              "context": null,
              "code": "cy.get('@createBooking').should(function (response) {\n  expect(response.status).to.eq(200);\n  expect(response.body.bookingid).to.be.not[\"null\"];\n});",
              "err": {},
              "uuid": "e9873dec-6deb-47c3-87c4-ad1171f2e543",
              "parentUUID": "6c444ebc-a850-4cb7-ac43-55abdf638c79",
              "isHook": false,
              "skipped": false
            }
          ],
          "suites": [],
          "passes": [
            "e9873dec-6deb-47c3-87c4-ad1171f2e543"
          ],
          "failures": [],
          "pending": [],
          "skipped": [],
          "duration": 858,
          "root": false,
          "rootEmpty": false,
          "_timeout": 2000
        },
        {
          "uuid": "db065f87-f3a2-4e4a-be56-e34c1feb307e",
          "title": "Validar retorno 500 quando o payload da reserva estiver inválido - @e2e",
          "fullFile": "",
          "file": "",
          "beforeHooks": [],
          "afterHooks": [],
          "tests": [
            {
              "title": "Validar status code - 500 ",
              "fullTitle": "Validar retorno 500 quando o payload da reserva estiver inválido - @e2e Validar status code - 500 ",
              "timedOut": null,
              "duration": 178,
              "state": "passed",
              "speed": "slow",
              "pass": true,
              "fail": false,
              "pending": false,
              "context": null,
              "code": "cy.get('@createBookingInvalidPayload').should(function (response) {\n  expect(response.status).to.eq(500);\n});",
              "err": {},
              "uuid": "53fc6d4b-87e1-469d-9f27-d48378732bb9",
              "parentUUID": "db065f87-f3a2-4e4a-be56-e34c1feb307e",
              "isHook": false,
              "skipped": false
            }
          ],
          "suites": [],
          "passes": [
            "53fc6d4b-87e1-469d-9f27-d48378732bb9"
          ],
          "failures": [],
          "pending": [],
          "skipped": [],
          "duration": 178,
          "root": false,
          "rootEmpty": false,
          "_timeout": 2000
        },
        {
          "uuid": "391163cf-f921-4c75-9a08-b4e8f90c3a39",
          "title": "Validar a criacao de mais de um livro em sequencia - @e2e",
          "fullFile": "",
          "file": "",
          "beforeHooks": [],
          "afterHooks": [],
          "tests": [
            {
              "title": "Validar se o primeiro livro foi criado",
              "fullTitle": "Validar a criacao de mais de um livro em sequencia - @e2e Validar se o primeiro livro foi criado",
              "timedOut": null,
              "duration": 342,
              "state": "passed",
              "speed": "slow",
              "pass": true,
              "fail": false,
              "pending": false,
              "context": null,
              "code": "cy.get('@createBookingOne').should(function (response) {\n  expect(response.status).to.eq(200);\n  expect(response.body.bookingid).to.be.not[\"null\"];\n});",
              "err": {},
              "uuid": "4f880ea4-0431-4961-a7b4-57385de95d8a",
              "parentUUID": "391163cf-f921-4c75-9a08-b4e8f90c3a39",
              "isHook": false,
              "skipped": false
            },
            {
              "title": "Validar se o segundo livro foi criado",
              "fullTitle": "Validar a criacao de mais de um livro em sequencia - @e2e Validar se o segundo livro foi criado",
              "timedOut": null,
              "duration": 343,
              "state": "passed",
              "speed": "slow",
              "pass": true,
              "fail": false,
              "pending": false,
              "context": null,
              "code": "cy.get('@createBookingTwo').should(function (response) {\n  expect(response.status).to.eq(200);\n  expect(response.body.bookingid).to.be.not[\"null\"];\n});",
              "err": {},
              "uuid": "d36a5704-95b8-4143-a08d-fe7b853a6c2d",
              "parentUUID": "391163cf-f921-4c75-9a08-b4e8f90c3a39",
              "isHook": false,
              "skipped": false
            }
          ],
          "suites": [],
          "passes": [
            "4f880ea4-0431-4961-a7b4-57385de95d8a",
            "d36a5704-95b8-4143-a08d-fe7b853a6c2d"
          ],
          "failures": [],
          "pending": [],
          "skipped": [],
          "duration": 685,
          "root": false,
          "rootEmpty": false,
          "_timeout": 2000
        },
        {
          "uuid": "82f3f483-e92a-463b-9d8e-9ea094c92563",
          "title": "Criar uma reserva enviando mais parametros no payload da reserva - @e2e",
          "fullFile": "",
          "file": "",
          "beforeHooks": [],
          "afterHooks": [],
          "tests": [
            {
              "title": "Validar status code - 200",
              "fullTitle": "Criar uma reserva enviando mais parametros no payload da reserva - @e2e Validar status code - 200",
              "timedOut": null,
              "duration": 176,
              "state": "passed",
              "speed": "slow",
              "pass": true,
              "fail": false,
              "pending": false,
              "context": null,
              "code": "cy.get('@createBookingMoreFieldsPayload').should(function (response) {\n  expect(response.status).to.eq(200);\n});",
              "err": {},
              "uuid": "46e3d1e1-e6a8-4d58-9874-83dea6988d57",
              "parentUUID": "82f3f483-e92a-463b-9d8e-9ea094c92563",
              "isHook": false,
              "skipped": false
            }
          ],
          "suites": [],
          "passes": [
            "46e3d1e1-e6a8-4d58-9874-83dea6988d57"
          ],
          "failures": [],
          "pending": [],
          "skipped": [],
          "duration": 176,
          "root": false,
          "rootEmpty": false,
          "_timeout": 2000
        },
        {
          "uuid": "0eb4062a-8ee8-419b-98ee-c822a60fc59d",
          "title": "Validar retorno 418 quando o header Accept for invalido - @e2e",
          "fullFile": "",
          "file": "",
          "beforeHooks": [],
          "afterHooks": [],
          "tests": [
            {
              "title": "Validar status code - 418",
              "fullTitle": "Validar retorno 418 quando o header Accept for invalido - @e2e Validar status code - 418",
              "timedOut": null,
              "duration": 180,
              "state": "passed",
              "speed": "slow",
              "pass": true,
              "fail": false,
              "pending": false,
              "context": null,
              "code": "cy.get('@createBookingMoreFieldsPayload').should(function (response) {\n  expect(response.status).to.eq(418);\n});",
              "err": {},
              "uuid": "884d4681-7a1e-44ac-95e7-ddced694f109",
              "parentUUID": "0eb4062a-8ee8-419b-98ee-c822a60fc59d",
              "isHook": false,
              "skipped": false
            }
          ],
          "suites": [],
          "passes": [
            "884d4681-7a1e-44ac-95e7-ddced694f109"
          ],
          "failures": [],
          "pending": [],
          "skipped": [],
          "duration": 180,
          "root": false,
          "rootEmpty": false,
          "_timeout": 2000
        }
      ],
      "passes": [],
      "failures": [],
      "pending": [],
      "skipped": [],
      "duration": 0,
      "root": true,
      "rootEmpty": true,
      "_timeout": 2000
    }
  ],
  "meta": {
    "mocha": {
      "version": "7.1.1"
    },
    "mochawesome": {
      "options": {
        "quiet": false,
        "reportFilename": "mochawesome",
        "saveHtml": false,
        "saveJson": true,
        "consoleReporter": "spec",
        "useInlineDiffs": false,
        "code": true
      },
      "version": "6.0.0"
    },
    "marge": {
      "options": {
        "reportDir": "mochawesome-report/json",
        "overwrite": false,
        "html": false,
        "json": true
      },
      "version": "5.0.0"
    }
  }
}